<?xml version="1.0" encoding="UTF-8" ?>
<testsuite tests="7" failures="0" name="edu.uw.cs.FlightServiceTest" time="27.336" errors="0" skipped="0">
  <properties>
[...]
</properties>
  <testcase classname="edu.uw.cs.FlightServiceTest" name="runTest[0]" time="5.282"/>
  <testcase classname="edu.uw.cs.FlightServiceTest" name="runTest[1]" time="5.395"/>
  <testcase classname="edu.uw.cs.FlightServiceTest" name="runTest[2]" time="0.672"/>
  <testcase classname="edu.uw.cs.FlightServiceTest" name="runTest[3]" time="0.766"/>
  <testcase classname="edu.uw.cs.FlightServiceTest" name="runTest[4]" time="5.563"/>
  <testcase classname="edu.uw.cs.FlightServiceTest" name="runTest[5]" time="4.86"/>
  <testcase classname="edu.uw.cs.FlightServiceTest" name="runTest[6]" time="4.798"/>
</testsuite>